2024-11-15T10:04:10.480+01:00  INFO 10975 --- [BlogSpot] [main] blogspot.Main                            : Starting Main using Java 23.0.1 with PID 10975 (/home/csaba/projects/BlogSpot/target/classes started by csaba in /home/csaba/projects/BlogSpot)
2024-11-15T10:04:10.498+01:00  INFO 10975 --- [BlogSpot] [main] blogspot.Main                            : No active profile set, falling back to 1 default profile: "default"
2024-11-15T10:04:11.281+01:00  INFO 10975 --- [BlogSpot] [main] .s.d.r.c.RepositoryConfigurationDelegate : Bootstrapping Spring Data JPA repositories in DEFAULT mode.
2024-11-15T10:04:11.337+01:00  INFO 10975 --- [BlogSpot] [main] .s.d.r.c.RepositoryConfigurationDelegate : Finished Spring Data repository scanning in 48 ms. Found 2 JPA repository interfaces.
2024-11-15T10:04:11.887+01:00  INFO 10975 --- [BlogSpot] [main] o.s.b.w.embedded.tomcat.TomcatWebServer  : Tomcat initialized with port 8080 (http)
2024-11-15T10:04:11.901+01:00  INFO 10975 --- [BlogSpot] [main] o.apache.catalina.core.StandardService   : Starting service [Tomcat]
2024-11-15T10:04:11.901+01:00  INFO 10975 --- [BlogSpot] [main] o.apache.catalina.core.StandardEngine    : Starting Servlet engine: [Apache Tomcat/10.1.30]
2024-11-15T10:04:11.946+01:00  INFO 10975 --- [BlogSpot] [main] o.a.c.c.C.[Tomcat].[localhost].[/]       : Initializing Spring embedded WebApplicationContext
2024-11-15T10:04:11.947+01:00  INFO 10975 --- [BlogSpot] [main] w.s.c.ServletWebServerApplicationContext : Root WebApplicationContext: initialization completed in 1370 ms
2024-11-15T10:04:12.112+01:00  INFO 10975 --- [BlogSpot] [main] o.hibernate.jpa.internal.util.LogHelper  : HHH000204: Processing PersistenceUnitInfo [name: default]
2024-11-15T10:04:12.177+01:00  INFO 10975 --- [BlogSpot] [main] org.hibernate.Version                    : HHH000412: Hibernate ORM core version 6.5.3.Final
2024-11-15T10:04:12.210+01:00  INFO 10975 --- [BlogSpot] [main] o.h.c.internal.RegionFactoryInitiator    : HHH000026: Second-level cache disabled
2024-11-15T10:04:12.530+01:00  INFO 10975 --- [BlogSpot] [main] o.s.o.j.p.SpringPersistenceUnitInfo      : No LoadTimeWeaver setup: ignoring JPA class transformer
2024-11-15T10:04:12.558+01:00  INFO 10975 --- [BlogSpot] [main] com.zaxxer.hikari.HikariDataSource       : HikariPool-1 - Starting...
2024-11-15T10:04:12.912+01:00  INFO 10975 --- [BlogSpot] [main] com.zaxxer.hikari.pool.HikariPool        : HikariPool-1 - Added connection org.postgresql.jdbc.PgConnection@1a4083f6
2024-11-15T10:04:12.913+01:00  INFO 10975 --- [BlogSpot] [main] com.zaxxer.hikari.HikariDataSource       : HikariPool-1 - Start completed.
2024-11-15T10:04:12.943+01:00  WARN 10975 --- [BlogSpot] [main] org.hibernate.orm.deprecation            : HHH90000025: PostgreSQLDialect does not need to be specified explicitly using 'hibernate.dialect' (remove the property setting and it will be selected by default)
2024-11-15T10:04:13.755+01:00  INFO 10975 --- [BlogSpot] [main] o.h.e.t.j.p.i.JtaPlatformInitiator       : HHH000489: No JTA platform available (set 'hibernate.transaction.jta.platform' to enable JTA platform integration)
2024-11-15T10:04:13.794+01:00  INFO 10975 --- [BlogSpot] [main] j.LocalContainerEntityManagerFactoryBean : Initialized JPA EntityManagerFactory for persistence unit 'default'
2024-11-15T10:04:14.065+01:00  INFO 10975 --- [BlogSpot] [main] o.s.d.j.r.query.QueryEnhancerFactory     : Hibernate is in classpath; If applicable, HQL parser will be used.
2024-11-15T10:04:14.505+01:00  WARN 10975 --- [BlogSpot] [main] JpaBaseConfiguration$JpaWebConfiguration : spring.jpa.open-in-view is enabled by default. Therefore, database queries may be performed during view rendering. Explicitly configure spring.jpa.open-in-view to disable this warning
2024-11-15T10:04:14.823+01:00  INFO 10975 --- [BlogSpot] [main] o.s.b.w.embedded.tomcat.TomcatWebServer  : Tomcat started on port 8080 (http) with context path '/'
2024-11-15T10:04:14.829+01:00  INFO 10975 --- [BlogSpot] [main] b.startup.StartupApplicationListener     : onApplicationEvent started
2024-11-15T10:04:14.831+01:00  INFO 10975 --- [BlogSpot] [main] blogspot.Main                            : Started Main in 5.054 seconds (process running for 5.685)
2024-11-15T10:04:42.630+01:00  INFO 10975 --- [BlogSpot] [http-nio-8080-exec-1] o.a.c.c.C.[Tomcat].[localhost].[/]       : Initializing Spring DispatcherServlet 'dispatcherServlet'
2024-11-15T10:04:42.630+01:00  INFO 10975 --- [BlogSpot] [http-nio-8080-exec-1] o.s.web.servlet.DispatcherServlet        : Initializing Servlet 'dispatcherServlet'
2024-11-15T10:04:42.631+01:00  INFO 10975 --- [BlogSpot] [http-nio-8080-exec-1] o.s.web.servlet.DispatcherServlet        : Completed initialization in 1 ms
2024-11-15T18:42:58.292+01:00  INFO 10975 --- [BlogSpot] [SpringApplicationShutdownHook] j.LocalContainerEntityManagerFactoryBean : Closing JPA EntityManagerFactory for persistence unit 'default'
2024-11-15T18:42:58.294+01:00  INFO 10975 --- [BlogSpot] [SpringApplicationShutdownHook] com.zaxxer.hikari.HikariDataSource       : HikariPool-1 - Shutdown initiated...
2024-11-15T18:42:58.304+01:00  INFO 10975 --- [BlogSpot] [SpringApplicationShutdownHook] com.zaxxer.hikari.HikariDataSource       : HikariPool-1 - Shutdown completed.
2024-11-15T18:43:01.573+01:00  INFO 38705 --- [BlogSpot] [main] blogspot.Main                            : Starting Main using Java 23.0.1 with PID 38705 (/home/csaba/projects/BlogSpot/target/classes started by csaba in /home/csaba/projects/BlogSpot)
2024-11-15T18:43:01.576+01:00  INFO 38705 --- [BlogSpot] [main] blogspot.Main                            : No active profile set, falling back to 1 default profile: "default"
2024-11-15T18:43:02.627+01:00  INFO 38705 --- [BlogSpot] [main] .s.d.r.c.RepositoryConfigurationDelegate : Bootstrapping Spring Data JPA repositories in DEFAULT mode.
2024-11-15T18:43:02.687+01:00  INFO 38705 --- [BlogSpot] [main] .s.d.r.c.RepositoryConfigurationDelegate : Finished Spring Data repository scanning in 52 ms. Found 2 JPA repository interfaces.
2024-11-15T18:43:03.214+01:00  INFO 38705 --- [BlogSpot] [main] o.s.b.w.embedded.tomcat.TomcatWebServer  : Tomcat initialized with port 8080 (http)
2024-11-15T18:43:03.228+01:00  INFO 38705 --- [BlogSpot] [main] o.apache.catalina.core.StandardService   : Starting service [Tomcat]
2024-11-15T18:43:03.229+01:00  INFO 38705 --- [BlogSpot] [main] o.apache.catalina.core.StandardEngine    : Starting Servlet engine: [Apache Tomcat/10.1.30]
2024-11-15T18:43:03.273+01:00  INFO 38705 --- [BlogSpot] [main] o.a.c.c.C.[Tomcat].[localhost].[/]       : Initializing Spring embedded WebApplicationContext
2024-11-15T18:43:03.274+01:00  INFO 38705 --- [BlogSpot] [main] w.s.c.ServletWebServerApplicationContext : Root WebApplicationContext: initialization completed in 1617 ms
2024-11-15T18:43:03.416+01:00  INFO 38705 --- [BlogSpot] [main] o.hibernate.jpa.internal.util.LogHelper  : HHH000204: Processing PersistenceUnitInfo [name: default]
2024-11-15T18:43:03.473+01:00  INFO 38705 --- [BlogSpot] [main] org.hibernate.Version                    : HHH000412: Hibernate ORM core version 6.5.3.Final
2024-11-15T18:43:03.501+01:00  INFO 38705 --- [BlogSpot] [main] o.h.c.internal.RegionFactoryInitiator    : HHH000026: Second-level cache disabled
2024-11-15T18:43:03.822+01:00  INFO 38705 --- [BlogSpot] [main] o.s.o.j.p.SpringPersistenceUnitInfo      : No LoadTimeWeaver setup: ignoring JPA class transformer
2024-11-15T18:43:03.850+01:00  INFO 38705 --- [BlogSpot] [main] com.zaxxer.hikari.HikariDataSource       : HikariPool-1 - Starting...
2024-11-15T18:43:04.173+01:00  INFO 38705 --- [BlogSpot] [main] com.zaxxer.hikari.pool.HikariPool        : HikariPool-1 - Added connection org.postgresql.jdbc.PgConnection@29147c12
2024-11-15T18:43:04.174+01:00  INFO 38705 --- [BlogSpot] [main] com.zaxxer.hikari.HikariDataSource       : HikariPool-1 - Start completed.
2024-11-15T18:43:04.201+01:00  WARN 38705 --- [BlogSpot] [main] org.hibernate.orm.deprecation            : HHH90000025: PostgreSQLDialect does not need to be specified explicitly using 'hibernate.dialect' (remove the property setting and it will be selected by default)
2024-11-15T18:43:05.039+01:00  INFO 38705 --- [BlogSpot] [main] o.h.e.t.j.p.i.JtaPlatformInitiator       : HHH000489: No JTA platform available (set 'hibernate.transaction.jta.platform' to enable JTA platform integration)
2024-11-15T18:43:05.087+01:00  INFO 38705 --- [BlogSpot] [main] j.LocalContainerEntityManagerFactoryBean : Initialized JPA EntityManagerFactory for persistence unit 'default'
2024-11-15T18:43:05.339+01:00  INFO 38705 --- [BlogSpot] [main] o.s.d.j.r.query.QueryEnhancerFactory     : Hibernate is in classpath; If applicable, HQL parser will be used.
2024-11-15T18:43:05.797+01:00  WARN 38705 --- [BlogSpot] [main] JpaBaseConfiguration$JpaWebConfiguration : spring.jpa.open-in-view is enabled by default. Therefore, database queries may be performed during view rendering. Explicitly configure spring.jpa.open-in-view to disable this warning
2024-11-15T18:43:06.123+01:00  INFO 38705 --- [BlogSpot] [main] o.s.b.w.embedded.tomcat.TomcatWebServer  : Tomcat started on port 8080 (http) with context path '/'
2024-11-15T18:43:06.130+01:00  INFO 38705 --- [BlogSpot] [main] b.startup.StartupApplicationListener     : onApplicationEvent started
2024-11-15T18:43:06.132+01:00  INFO 38705 --- [BlogSpot] [main] blogspot.Main                            : Started Main in 5.027 seconds (process running for 5.531)
2024-11-15T18:43:29.466+01:00  INFO 38705 --- [BlogSpot] [http-nio-8080-exec-2] o.a.c.c.C.[Tomcat].[localhost].[/]       : Initializing Spring DispatcherServlet 'dispatcherServlet'
2024-11-15T18:43:29.467+01:00  INFO 38705 --- [BlogSpot] [http-nio-8080-exec-2] o.s.web.servlet.DispatcherServlet        : Initializing Servlet 'dispatcherServlet'
2024-11-15T18:43:29.471+01:00  INFO 38705 --- [BlogSpot] [http-nio-8080-exec-2] o.s.web.servlet.DispatcherServlet        : Completed initialization in 2 ms
2024-11-15T19:15:25.274+01:00  INFO 38705 --- [BlogSpot] [SpringApplicationShutdownHook] j.LocalContainerEntityManagerFactoryBean : Closing JPA EntityManagerFactory for persistence unit 'default'
2024-11-15T19:15:25.276+01:00  INFO 38705 --- [BlogSpot] [SpringApplicationShutdownHook] com.zaxxer.hikari.HikariDataSource       : HikariPool-1 - Shutdown initiated...
2024-11-15T19:15:25.288+01:00  INFO 38705 --- [BlogSpot] [SpringApplicationShutdownHook] com.zaxxer.hikari.HikariDataSource       : HikariPool-1 - Shutdown completed.
